d:\3rdpart\duilib修改版本\duilib\duilib\build\release\duilib.pch
d:\3rdpart\duilib修改版本\duilib\duilib\build\release\vc120.pdb
d:\3rdpart\duilib修改版本\duilib\duilib\build\release\stdafx.obj
d:\3rdpart\duilib修改版本\duilib\duilib\build\release\uibutton.obj
d:\3rdpart\duilib修改版本\duilib\duilib\build\release\uiactivex.obj
d:\3rdpart\duilib修改版本\duilib\duilib\build\release\uiverticallayout.obj
d:\3rdpart\duilib修改版本\duilib\duilib\build\release\uitilelayout.obj
d:\3rdpart\duilib修改版本\duilib\duilib\build\release\uitablayout.obj
d:\3rdpart\duilib修改版本\duilib\duilib\build\release\uihorizontallayout.obj
d:\3rdpart\duilib修改版本\duilib\duilib\build\release\uichildlayout.obj
d:\3rdpart\duilib修改版本\duilib\duilib\build\release\uirender.obj
d:\3rdpart\duilib修改版本\duilib\duilib\build\release\uimarkup.obj
d:\3rdpart\duilib修改版本\duilib\duilib\build\release\uimanager.obj
d:\3rdpart\duilib修改版本\duilib\duilib\build\release\uidlgbuilder.obj
d:\3rdpart\duilib修改版本\duilib\duilib\build\release\uicontrol.obj
d:\3rdpart\duilib修改版本\duilib\duilib\build\release\uicontainer.obj
d:\3rdpart\duilib修改版本\duilib\duilib\build\release\uibase.obj
d:\3rdpart\duilib修改版本\duilib\duilib\build\release\wndshadow.obj
d:\3rdpart\duilib修改版本\duilib\duilib\build\release\utils.obj
d:\3rdpart\duilib修改版本\duilib\duilib\build\release\uidelegate.obj
d:\3rdpart\duilib修改版本\duilib\duilib\build\release\winimplbase.obj
d:\3rdpart\duilib修改版本\duilib\duilib\build\release\uilib.obj
d:\3rdpart\duilib修改版本\duilib\duilib\build\release\uitreeview.obj
d:\3rdpart\duilib修改版本\duilib\duilib\build\release\uiwebbrowser.obj
d:\3rdpart\duilib修改版本\duilib\duilib\build\release\uitext.obj
d:\3rdpart\duilib修改版本\duilib\duilib\build\release\uislider.obj
d:\3rdpart\duilib修改版本\duilib\duilib\build\release\uiscrollbar.obj
d:\3rdpart\duilib修改版本\duilib\duilib\build\release\uirichedit.obj
d:\3rdpart\duilib修改版本\duilib\duilib\build\release\uiprogress.obj
d:\3rdpart\duilib修改版本\duilib\duilib\build\release\uioption.obj
d:\3rdpart\duilib修改版本\duilib\duilib\build\release\uilist.obj
d:\3rdpart\duilib修改版本\duilib\duilib\build\release\uilabel.obj
d:\3rdpart\duilib修改版本\duilib\duilib\build\release\uigifanim.obj
d:\3rdpart\duilib修改版本\duilib\duilib\build\release\uiedit.obj
d:\3rdpart\duilib修改版本\duilib\duilib\build\release\uidatetime.obj
d:\3rdpart\duilib修改版本\duilib\duilib\build\release\uicombo.obj
d:\3rdpart\duilib修改版本\duilib\duilib\build\release\uicheckbox.obj
d:\3rdpart\duilib修改版本\duilib\duilib\build\release\stb_image.obj
d:\3rdpart\duilib修改版本\duilib\duilib\build\release\xunzip.obj
d:\3rdpart\duilib修改版本\duilib\lib\duilib.lib
d:\3rdpart\duilib修改版本\duilib\lib\duilib.exp
d:\3rdpart\duilib修改版本\duilib\bin\duilib.dll
d:\3rdpart\duilib修改版本\duilib\duilib\build\release\duilib.tlog\cl.command.1.tlog
d:\3rdpart\duilib修改版本\duilib\duilib\build\release\duilib.tlog\cl.read.1.tlog
d:\3rdpart\duilib修改版本\duilib\duilib\build\release\duilib.tlog\cl.write.1.tlog
d:\3rdpart\duilib修改版本\duilib\duilib\build\release\duilib.tlog\duilib.write.1u.tlog
d:\3rdpart\duilib修改版本\duilib\duilib\build\release\duilib.tlog\link.command.1.tlog
d:\3rdpart\duilib修改版本\duilib\duilib\build\release\duilib.tlog\link.read.1.tlog
d:\3rdpart\duilib修改版本\duilib\duilib\build\release\duilib.tlog\link.write.1.tlog
